<?xml version="1.0" encoding="UTF-8"?>
<!-- Generated by org.testng.reporters.JUnitXMLReporter -->
<testsuite ignored="4" hostname="LAPTOP-RBLFDP3S" failures="0" tests="1" name="Default test" time="3.642" errors="0" timestamp="2023-01-15T11:36:16 PST">
  <testcase classname="com.training.tests.LoginTest" name="tc4bForgotpassword" time="0.705"/>
  <testcase classname="com.training.tests.LoginTest" name="tC01Loginerror" time="0.0">
    <ignored/>
  </testcase> <!-- tC01Loginerror -->
  <testcase classname="com.training.tests.LoginTest" name="tc03rememberMe" time="0.0">
    <ignored/>
  </testcase> <!-- tc03rememberMe -->
  <testcase classname="com.training.tests.LoginTest" name="tc4aForgotpassword" time="0.0">
    <ignored/>
  </testcase> <!-- tc4aForgotpassword -->
  <testcase classname="com.training.tests.LoginTest" name="tc02validUserName" time="0.0">
    <ignored/>
  </testcase> <!-- tc02validUserName -->
</testsuite> <!-- Default test -->
